<?xml version="1.0" encoding="UTF-8"?>
<!-- Generated by org.testng.reporters.JUnitReportReporter -->
<testsuite hostname="DESKTOP-F9OMEMK" name="practice_sessions.Tests_DELETE" tests="1" failures="0" timestamp="17 May 2022 14:16:50 GMT" time="2.412" errors="0">
  <testcase name="test_01" time="2.412" classname="practice_sessions.Tests_DELETE"/>
</testsuite> <!-- practice_sessions.Tests_DELETE -->
