<?xml version="1.0" encoding="UTF-8"?>
<!-- Generated by org.testng.reporters.JUnitReportReporter -->
<testsuite hostname="DESKTOP-F9OMEMK" name="localhost_API.Tests_POST" tests="1" failures="0" timestamp="17 May 2022 14:55:23 GMT" time="1.880" errors="0">
  <testcase name="test_01" time="1.880" classname="localhost_API.Tests_POST"/>
</testsuite> <!-- localhost_API.Tests_POST -->
