<?xml version="1.0" encoding="UTF-8"?>
<!-- Generated by org.testng.reporters.JUnitReportReporter -->
<testsuite hostname="DESKTOP-F9OMEMK" name="practice_sessions.Tests_PATCH" tests="1" failures="0" timestamp="17 May 2022 14:14:56 GMT" time="2.459" errors="0">
  <testcase name="test_01" time="2.459" classname="practice_sessions.Tests_PATCH"/>
</testsuite> <!-- practice_sessions.Tests_PATCH -->
