<?xml version="1.0" encoding="UTF-8"?>
<!-- Generated by org.testng.reporters.JUnitReportReporter -->
<testsuite hostname="DESKTOP-F9OMEMK" name="practice_sessions.Tests_PUT" tests="1" failures="0" timestamp="17 May 2022 14:11:37 GMT" time="2.772" errors="0">
  <testcase name="test_01" time="2.772" classname="practice_sessions.Tests_PUT"/>
</testsuite> <!-- practice_sessions.Tests_PUT -->
