<?xml version="1.0" encoding="UTF-8"?>
<!-- Generated by org.testng.reporters.JUnitReportReporter -->
<testsuite hostname="DESKTOP-F9OMEMK" name="localhost_API.Tests_DELETE" tests="1" failures="0" timestamp="17 May 2022 15:04:59 GMT" time="1.741" errors="0">
  <testcase name="test_01" time="1.741" classname="localhost_API.Tests_DELETE"/>
</testsuite> <!-- localhost_API.Tests_DELETE -->
