<?xml version="1.0" encoding="UTF-8"?>
<!-- Generated by org.testng.reporters.JUnitReportReporter -->
<testsuite hostname="DESKTOP-F9OMEMK" name="localhost_API.Tests_GET" tests="2" failures="0" timestamp="17 May 2022 15:03:03 GMT" time="1.536" errors="0">
  <testcase name="test_01" time="1.484" classname="localhost_API.Tests_GET"/>
  <testcase name="test_02" time="0.052" classname="localhost_API.Tests_GET"/>
</testsuite> <!-- localhost_API.Tests_GET -->
