<?xml version="1.0" encoding="UTF-8"?>
<!-- Generated by org.testng.reporters.JUnitReportReporter -->
<testsuite hostname="DESKTOP-F9OMEMK" name="practice_sessions.Tests_GET" tests="1" failures="0" timestamp="17 May 2022 13:05:08 GMT" time="2.100" errors="0">
  <testcase name="test_02" time="2.100" classname="practice_sessions.Tests_GET"/>
</testsuite> <!-- practice_sessions.Tests_GET -->
